<?xml version="1.0" encoding="UTF-8"?>
<!-- Generated by org.testng.reporters.JUnitXMLReporter -->
<testsuite ignored="0" hostname="EPINBANW00BC" failures="0" tests="2" name="Cucumber with TestNG Test" time="47.583" errors="0" timestamp="2022-11-22T20:26:43 IST">
  <testcase classname="io.cucumber.testng.AbstractTestNGCucumberTests" name="runScenario" time="23.248"/>
  <testcase classname="io.cucumber.testng.AbstractTestNGCucumberTests" name="runScenario" time="24.048"/>
</testsuite> <!-- Cucumber with TestNG Test -->
