<?xml version="1.0" encoding="UTF-8"?>
<testsuite xmlns:xsi="http://www.w3.org/2001/XMLSchema-instance" xsi:noNamespaceSchemaLocation="https://maven.apache.org/surefire/maven-surefire-plugin/xsd/surefire-test-report-3.0.xsd" version="3.0" name="TestSuite" time="48.196" tests="2" errors="0" skipped="0" failures="0">
  <properties>
[...]
</properties>
  <testcase name="runScenario[&quot;: This is a Test Scenario&quot;, &quot;Appium Feature&quot;](1)" classname="TestRunner.TestRunner" time="23.25">
    <system-out><![CDATA[Adding Capabilities
Launching Server- - - Creating Session
Appium Service Address: http://127.0.0.2:40693/wd/hub/
Checking driverAndroidDriver:  on ANDROID (0fb214d8-28b4-4db9-86c6-22183ed9ee36)
Checking driver in attemptAndroidDriver:  on ANDROID (0fb214d8-28b4-4db9-86c6-22183ed9ee36)
Checking driver in login pageAndroidDriver:  on ANDROID (0fb214d8-28b4-4db9-86c6-22183ed9ee36)
Entering User Email
Entering User userName
Entering User Password
Entered Useruser & Passwordpassword
Login is Completed
Stopping Server
Stopped Server
]]></system-out>
    <system-err><![CDATA[SLF4J: Failed to load class "org.slf4j.impl.StaticLoggerBinder".
SLF4J: Defaulting to no-operation (NOP) logger implementation
SLF4J: See http://www.slf4j.org/codes.html#StaticLoggerBinder for further details.
]]></system-err>
  </testcase>
  <testcase name="runScenario[&quot;: This is a Test Scenario&quot;, &quot;Appium Feature&quot;](2)" classname="TestRunner.TestRunner" time="24.047">
    <system-out><![CDATA[Adding Capabilities
Launching Server- - - Creating Session
Appium Service Address: http://127.0.0.2:24379/wd/hub/
Checking driverAndroidDriver:  on ANDROID (6a31d3cc-d704-4aad-a745-5e03603c7a03)
Checking driver in attemptAndroidDriver:  on ANDROID (6a31d3cc-d704-4aad-a745-5e03603c7a03)
Checking driver in login pageAndroidDriver:  on ANDROID (6a31d3cc-d704-4aad-a745-5e03603c7a03)
Entering User Email
Entering User userName
Entering User Password
Entered Useruser1 & Passwordpassword1
Login is Completed
Stopping Server
Stopped Server
]]></system-out>
  </testcase>
</testsuite>