<?xml version="1.0" encoding="UTF-8"?>
<testng-results ignored="0" total="2" passed="2" failed="0" skipped="0">
  <reporter-output>
  </reporter-output>
  <suite started-at="2022-11-22T20:25:56 IST" name="Suite" finished-at="2022-11-22T20:26:43 IST" duration-ms="47583">
    <groups>
      <group name="cucumber">
        <method signature="AbstractTestNGCucumberTests.runScenario(io.cucumber.testng.PickleWrapper,io.cucumber.testng.FeatureWrapper)[pri:0, instance:TestRunner.TestRunner@4f18837a]" name="runScenario" class="io.cucumber.testng.AbstractTestNGCucumberTests"/>
      </group> <!-- cucumber -->
    </groups>
    <test started-at="2022-11-22T20:25:56 IST" name="Cucumber with TestNG Test" finished-at="2022-11-22T20:26:43 IST" duration-ms="47583">
      <class name="TestRunner.TestRunner">
        <test-method is-config="true" signature="setUpClass(org.testng.ITestContext)[pri:0, instance:TestRunner.TestRunner@4f18837a]" started-at="2022-11-22T20:25:56 IST" name="setUpClass" finished-at="2022-11-22T20:25:56 IST" duration-ms="237" status="PASS">
          <params>
            <param index="0">
              <value>
                <![CDATA[org.testng.TestRunner@5527b211]]>
              </value>
            </param>
          </params>
          <reporter-output>
          </reporter-output>
        </test-method> <!-- setUpClass -->
        <test-method signature="runScenario(io.cucumber.testng.PickleWrapper,io.cucumber.testng.FeatureWrapper)[pri:0, instance:TestRunner.TestRunner@4f18837a]" started-at="2022-11-22T20:25:56 IST" name="runScenario" description="Runs Cucumber Scenarios" data-provider="scenarios" finished-at="2022-11-22T20:26:19 IST" duration-ms="23248" status="PASS">
          <params>
            <param index="0">
              <value>
                <![CDATA[": This is a Test Scenario"]]>
              </value>
            </param>
            <param index="1">
              <value>
                <![CDATA["Appium Feature"]]>
              </value>
            </param>
          </params>
          <reporter-output>
          </reporter-output>
        </test-method> <!-- runScenario -->
        <test-method signature="runScenario(io.cucumber.testng.PickleWrapper,io.cucumber.testng.FeatureWrapper)[pri:0, instance:TestRunner.TestRunner@4f18837a]" started-at="2022-11-22T20:26:19 IST" name="runScenario" description="Runs Cucumber Scenarios" data-provider="scenarios" finished-at="2022-11-22T20:26:43 IST" duration-ms="24048" status="PASS">
          <params>
            <param index="0">
              <value>
                <![CDATA[": This is a Test Scenario"]]>
              </value>
            </param>
            <param index="1">
              <value>
                <![CDATA["Appium Feature"]]>
              </value>
            </param>
          </params>
          <reporter-output>
          </reporter-output>
        </test-method> <!-- runScenario -->
        <test-method is-config="true" signature="tearDownClass()[pri:0, instance:TestRunner.TestRunner@4f18837a]" started-at="2022-11-22T20:26:43 IST" name="tearDownClass" finished-at="2022-11-22T20:26:43 IST" duration-ms="11" status="PASS">
          <reporter-output>
          </reporter-output>
        </test-method> <!-- tearDownClass -->
      </class> <!-- TestRunner.TestRunner -->
    </test> <!-- Cucumber with TestNG Test -->
  </suite> <!-- Suite -->
</testng-results>
